-------------------------------------------------------------------------------
Test set: genZ.PRM391GenZ.Prm391GenZApplicationTests
-------------------------------------------------------------------------------
Tests run: 4, Failures: 1, Errors: 0, Skipped: 0, Time elapsed: 10.98 s <<< FAILURE! -- in genZ.PRM391GenZ.Prm391GenZApplicationTests
genZ.PRM391GenZ.Prm391GenZApplicationTests.dashboardRevenueOverviewLoads -- Time elapsed: 1.795 s <<< FAILURE!
java.lang.AssertionError: 

Expecting actual:
  0.00
to be greater than:
  0

	at genZ.PRM391GenZ.Prm391GenZApplicationTests.dashboardRevenueOverviewLoads(Prm391GenZApplicationTests.java:34)
	at java.base/java.lang.reflect.Method.invoke(Method.java:568)
	at java.base/java.util.ArrayList.forEach(ArrayList.java:1511)
	at java.base/java.util.ArrayList.forEach(ArrayList.java:1511)

