<?xml version="1.0" encoding="UTF-8"?>
<testsuite xmlns:xsi="http://www.w3.org/2001/XMLSchema-instance" xsi:noNamespaceSchemaLocation="https://maven.apache.org/surefire/maven-surefire-plugin/xsd/surefire-test-report.xsd" version="3.0.2" name="genZ.PRM391GenZ.Prm391GenZApplicationTests" time="16.833" tests="4" errors="0" skipped="0" failures="0">
  <properties>
[...]
</properties>
  <testcase name="businessTextColumnsUseUnicodeTypes" classname="genZ.PRM391GenZ.Prm391GenZApplicationTests" time="0.53">
    <system-out><![CDATA[13:59:22.790 [main] INFO org.springframework.test.context.support.AnnotationConfigContextLoaderUtils -- Could not detect default configuration classes for test class [genZ.PRM391GenZ.Prm391GenZApplicationTests]: Prm391GenZApplicationTests does not declare any static, non-private, non-final, nested classes annotated with @Configuration.
13:59:22.925 [main] INFO org.springframework.boot.test.context.SpringBootTestContextBootstrapper -- Found @SpringBootConfiguration genZ.PRM391GenZ.Prm391GenZApplication for test class genZ.PRM391GenZ.Prm391GenZApplicationTests

  .   ____          _            __ _ _
 /\\ / ___'_ __ _ _(_)_ __  __ _ \ \ \ \
( ( )\___ | '_ | '_| | '_ \/ _` | \ \ \ \
 \\/  ___)| |_)| | | | | || (_| |  ) ) ) )
  '  |____| .__|_| |_|_| |_\__, | / / / /
 =========|_|==============|___/=/_/_/_/

 :: Spring Boot ::                (v3.5.6)

2026-06-29T13:59:23.452+07:00  INFO 15860 --- [           main] g.PRM391GenZ.Prm391GenZApplicationTests  : Starting Prm391GenZApplicationTests using Java 17.0.12 with PID 15860 (started by admin in D:\Ky_8\PRM393_Project\Project_PRM391\backend)
2026-06-29T13:59:23.456+07:00  INFO 15860 --- [           main] g.PRM391GenZ.Prm391GenZApplicationTests  : No active profile set, falling back to 1 default profile: "default"
2026-06-29T13:59:24.630+07:00  INFO 15860 --- [           main] .s.d.r.c.RepositoryConfigurationDelegate : Bootstrapping Spring Data JPA repositories in DEFAULT mode.
2026-06-29T13:59:24.804+07:00  INFO 15860 --- [           main] .s.d.r.c.RepositoryConfigurationDelegate : Finished Spring Data repository scanning in 154 ms. Found 7 JPA repository interfaces.
2026-06-29T13:59:26.396+07:00  INFO 15860 --- [           main] o.hibernate.jpa.internal.util.LogHelper  : HHH000204: Processing PersistenceUnitInfo [name: default]
2026-06-29T13:59:26.554+07:00  INFO 15860 --- [           main] org.hibernate.Version                    : HHH000412: Hibernate ORM core version 6.6.29.Final
2026-06-29T13:59:26.679+07:00  INFO 15860 --- [           main] o.h.c.internal.RegionFactoryInitiator    : HHH000026: Second-level cache disabled
2026-06-29T13:59:27.618+07:00  INFO 15860 --- [           main] o.s.o.j.p.SpringPersistenceUnitInfo      : No LoadTimeWeaver setup: ignoring JPA class transformer
2026-06-29T13:59:27.696+07:00  INFO 15860 --- [           main] com.zaxxer.hikari.HikariDataSource       : HikariPool-1 - Starting...
2026-06-29T13:59:28.074+07:00  INFO 15860 --- [           main] com.zaxxer.hikari.pool.HikariPool        : HikariPool-1 - Added connection ConnectionID:1 ClientConnectionId: aa5706b5-d4e2-43f8-8aa5-aff0690a2def
2026-06-29T13:59:28.075+07:00  INFO 15860 --- [           main] com.zaxxer.hikari.HikariDataSource       : HikariPool-1 - Start completed.
2026-06-29T13:59:28.227+07:00  WARN 15860 --- [           main] org.hibernate.orm.deprecation            : HHH90000025: SQLServerDialect does not need to be specified explicitly using 'hibernate.dialect' (remove the property setting and it will be selected by default)
2026-06-29T13:59:28.279+07:00  INFO 15860 --- [           main] org.hibernate.orm.connections.pooling    : HHH10001005: Database info:
	Database JDBC URL [Connecting through datasource 'HikariDataSource (HikariPool-1)']
	Database driver: undefined/unknown
	Database version: 16.0
	Autocommit mode: undefined/unknown
	Isolation level: undefined/unknown
	Minimum pool size: undefined/unknown
	Maximum pool size: undefined/unknown
2026-06-29T13:59:29.756+07:00  INFO 15860 --- [           main] o.h.e.t.j.p.i.JtaPlatformInitiator       : HHH000489: No JTA platform available (set 'hibernate.transaction.jta.platform' to enable JTA platform integration)
2026-06-29T13:59:30.611+07:00 DEBUG 15860 --- [           main] org.hibernate.SQL                        : 
    alter table [User] 
       alter column Image_cccd NVARCHAR(MAX)
2026-06-29T13:59:30.619+07:00 DEBUG 15860 --- [           main] org.hibernate.SQL                        : 
    alter table Booking 
       alter column Status NVARCHAR(50)
2026-06-29T13:59:30.620+07:00 DEBUG 15860 --- [           main] org.hibernate.SQL                        : 
    alter table Hotel 
       alter column address NVARCHAR(MAX)
2026-06-29T13:59:30.620+07:00 DEBUG 15860 --- [           main] org.hibernate.SQL                        : 
    alter table Room 
       alter column Status NVARCHAR(50)
2026-06-29T13:59:33.994+07:00  INFO 15860 --- [           main] j.LocalContainerEntityManagerFactoryBean : Initialized JPA EntityManagerFactory for persistence unit 'default'
2026-06-29T13:59:34.786+07:00  INFO 15860 --- [           main] o.s.d.j.r.query.QueryEnhancerFactory     : Hibernate is in classpath; If applicable, HQL parser will be used.
2026-06-29T13:59:35.808+07:00  INFO 15860 --- [           main] r$InitializeUserDetailsManagerConfigurer : Global AuthenticationManager configured with UserDetailsService bean with name userDetailsServiceImpl
2026-06-29T13:59:36.648+07:00  WARN 15860 --- [           main] JpaBaseConfiguration$JpaWebConfiguration : spring.jpa.open-in-view is enabled by default. Therefore, database queries may be performed during view rendering. Explicitly configure spring.jpa.open-in-view to disable this warning
2026-06-29T13:59:37.841+07:00  WARN 15860 --- [           main] ion$DefaultTemplateResolverConfiguration : Cannot find template location: classpath:/templates/ (please add some templates, check your Thymeleaf configuration, or set spring.thymeleaf.check-template-location=false)
2026-06-29T13:59:38.221+07:00  INFO 15860 --- [           main] g.PRM391GenZ.Prm391GenZApplicationTests  : Started Prm391GenZApplicationTests in 15.09 seconds (process running for 16.434)
]]></system-out>
  </testcase>
  <testcase name="unicodeDataIsRepaired" classname="genZ.PRM391GenZ.Prm391GenZApplicationTests" time="0.05"/>
  <testcase name="dashboardRevenueOverviewLoads" classname="genZ.PRM391GenZ.Prm391GenZApplicationTests" time="0.465">
    <system-out><![CDATA[2026-06-29T13:59:39.189+07:00 DEBUG 15860 --- [           main] org.hibernate.SQL                        : 
    select
        coalesce(sum(b1_0.totalPrice), 0) 
    from
        Booking b1_0 
    where
        b1_0.checkOut between ? and ? 
        and b1_0.totalPrice is not null
2026-06-29T13:59:39.232+07:00 DEBUG 15860 --- [           main] org.hibernate.SQL                        : 
    select
        coalesce(sum(b1_0.totalPrice), 0) 
    from
        Booking b1_0 
    where
        b1_0.checkOut between ? and ? 
        and b1_0.totalPrice is not null
2026-06-29T13:59:39.244+07:00 DEBUG 15860 --- [           main] org.hibernate.SQL                        : 
    select
        coalesce(sum(b1_0.totalPrice), 0) 
    from
        Booking b1_0 
    where
        b1_0.checkOut between ? and ? 
        and b1_0.totalPrice is not null
2026-06-29T13:59:39.279+07:00 DEBUG 15860 --- [           main] org.hibernate.SQL                        : 
    select
        h1_0.HotelId,
        h1_0.address,
        h1_0.countRoom,
        h1_0.name,
        h1_0.phone 
    from
        Hotel h1_0
2026-06-29T13:59:39.314+07:00 DEBUG 15860 --- [           main] org.hibernate.SQL                        : 
    select
        coalesce(sum(b1_0.totalPrice), 0) 
    from
        Booking b1_0 
    join
        Room r1_0 
            on r1_0.RoomId=b1_0.RoomId 
    where
        r1_0.HotelId=? 
        and b1_0.checkOut between ? and ? 
        and b1_0.totalPrice is not null
2026-06-29T13:59:39.324+07:00 DEBUG 15860 --- [           main] org.hibernate.SQL                        : 
    select
        coalesce(sum(b1_0.totalPrice), 0) 
    from
        Booking b1_0 
    join
        Room r1_0 
            on r1_0.RoomId=b1_0.RoomId 
    where
        r1_0.HotelId=? 
        and b1_0.checkOut between ? and ? 
        and b1_0.totalPrice is not null
2026-06-29T13:59:39.334+07:00 DEBUG 15860 --- [           main] org.hibernate.SQL                        : 
    select
        coalesce(sum(b1_0.totalPrice), 0) 
    from
        Booking b1_0 
    join
        Room r1_0 
            on r1_0.RoomId=b1_0.RoomId 
    where
        r1_0.HotelId=? 
        and b1_0.checkOut between ? and ? 
        and b1_0.totalPrice is not null
2026-06-29T13:59:39.340+07:00 DEBUG 15860 --- [           main] org.hibernate.SQL                        : 
    select
        coalesce(sum(b1_0.totalPrice), 0) 
    from
        Booking b1_0 
    join
        Room r1_0 
            on r1_0.RoomId=b1_0.RoomId 
    where
        r1_0.HotelId=? 
        and b1_0.checkOut between ? and ? 
        and b1_0.totalPrice is not null
2026-06-29T13:59:39.342+07:00 DEBUG 15860 --- [           main] org.hibernate.SQL                        : 
    select
        coalesce(sum(b1_0.totalPrice), 0) 
    from
        Booking b1_0 
    join
        Room r1_0 
            on r1_0.RoomId=b1_0.RoomId 
    where
        r1_0.HotelId=? 
        and b1_0.checkOut between ? and ? 
        and b1_0.totalPrice is not null
2026-06-29T13:59:39.349+07:00 DEBUG 15860 --- [           main] org.hibernate.SQL                        : 
    select
        coalesce(sum(b1_0.totalPrice), 0) 
    from
        Booking b1_0 
    join
        Room r1_0 
            on r1_0.RoomId=b1_0.RoomId 
    where
        r1_0.HotelId=? 
        and b1_0.checkOut between ? and ? 
        and b1_0.totalPrice is not null
2026-06-29T13:59:39.361+07:00 DEBUG 15860 --- [           main] org.hibernate.SQL                        : 
    select
        coalesce(sum(b1_0.totalPrice), 0) 
    from
        Booking b1_0 
    join
        Room r1_0 
            on r1_0.RoomId=b1_0.RoomId 
    where
        r1_0.HotelId=? 
        and b1_0.checkOut between ? and ? 
        and b1_0.totalPrice is not null
2026-06-29T13:59:39.365+07:00 DEBUG 15860 --- [           main] org.hibernate.SQL                        : 
    select
        coalesce(sum(b1_0.totalPrice), 0) 
    from
        Booking b1_0 
    join
        Room r1_0 
            on r1_0.RoomId=b1_0.RoomId 
    where
        r1_0.HotelId=? 
        and b1_0.checkOut between ? and ? 
        and b1_0.totalPrice is not null
2026-06-29T13:59:39.365+07:00 DEBUG 15860 --- [           main] org.hibernate.SQL                        : 
    select
        coalesce(sum(b1_0.totalPrice), 0) 
    from
        Booking b1_0 
    join
        Room r1_0 
            on r1_0.RoomId=b1_0.RoomId 
    where
        r1_0.HotelId=? 
        and b1_0.checkOut between ? and ? 
        and b1_0.totalPrice is not null
2026-06-29T13:59:39.373+07:00 DEBUG 15860 --- [           main] org.hibernate.SQL                        : 
    select
        coalesce(sum(b1_0.totalPrice), 0) 
    from
        Booking b1_0 
    join
        Room r1_0 
            on r1_0.RoomId=b1_0.RoomId 
    where
        r1_0.HotelId=? 
        and b1_0.checkOut between ? and ? 
        and b1_0.totalPrice is not null
2026-06-29T13:59:39.375+07:00 DEBUG 15860 --- [           main] org.hibernate.SQL                        : 
    select
        coalesce(sum(b1_0.totalPrice), 0) 
    from
        Booking b1_0 
    join
        Room r1_0 
            on r1_0.RoomId=b1_0.RoomId 
    where
        r1_0.HotelId=? 
        and b1_0.checkOut between ? and ? 
        and b1_0.totalPrice is not null
2026-06-29T13:59:39.375+07:00 DEBUG 15860 --- [           main] org.hibernate.SQL                        : 
    select
        coalesce(sum(b1_0.totalPrice), 0) 
    from
        Booking b1_0 
    join
        Room r1_0 
            on r1_0.RoomId=b1_0.RoomId 
    where
        r1_0.HotelId=? 
        and b1_0.checkOut between ? and ? 
        and b1_0.totalPrice is not null
2026-06-29T13:59:39.385+07:00 DEBUG 15860 --- [           main] org.hibernate.SQL                        : 
    select
        coalesce(sum(b1_0.totalPrice), 0) 
    from
        Booking b1_0 
    join
        Room r1_0 
            on r1_0.RoomId=b1_0.RoomId 
    where
        r1_0.HotelId=? 
        and b1_0.checkOut between ? and ? 
        and b1_0.totalPrice is not null
2026-06-29T13:59:39.385+07:00 DEBUG 15860 --- [           main] org.hibernate.SQL                        : 
    select
        coalesce(sum(b1_0.totalPrice), 0) 
    from
        Booking b1_0 
    join
        Room r1_0 
            on r1_0.RoomId=b1_0.RoomId 
    where
        r1_0.HotelId=? 
        and b1_0.checkOut between ? and ? 
        and b1_0.totalPrice is not null
2026-06-29T13:59:39.393+07:00 DEBUG 15860 --- [           main] org.hibernate.SQL                        : 
    select
        coalesce(sum(b1_0.totalPrice), 0) 
    from
        Booking b1_0 
    join
        Room r1_0 
            on r1_0.RoomId=b1_0.RoomId 
    where
        r1_0.HotelId=? 
        and b1_0.checkOut between ? and ? 
        and b1_0.totalPrice is not null
2026-06-29T13:59:39.395+07:00 DEBUG 15860 --- [           main] org.hibernate.SQL                        : 
    select
        coalesce(sum(b1_0.totalPrice), 0) 
    from
        Booking b1_0 
    join
        Room r1_0 
            on r1_0.RoomId=b1_0.RoomId 
    where
        r1_0.HotelId=? 
        and b1_0.checkOut between ? and ? 
        and b1_0.totalPrice is not null
2026-06-29T13:59:39.401+07:00 DEBUG 15860 --- [           main] org.hibernate.SQL                        : 
    select
        coalesce(sum(b1_0.totalPrice), 0) 
    from
        Booking b1_0 
    join
        Room r1_0 
            on r1_0.RoomId=b1_0.RoomId 
    where
        r1_0.HotelId=? 
        and b1_0.checkOut between ? and ? 
        and b1_0.totalPrice is not null
2026-06-29T13:59:39.406+07:00 DEBUG 15860 --- [           main] org.hibernate.SQL                        : 
    select
        coalesce(sum(b1_0.totalPrice), 0) 
    from
        Booking b1_0 
    join
        Room r1_0 
            on r1_0.RoomId=b1_0.RoomId 
    where
        r1_0.HotelId=? 
        and b1_0.checkOut between ? and ? 
        and b1_0.totalPrice is not null
2026-06-29T13:59:39.410+07:00 DEBUG 15860 --- [           main] org.hibernate.SQL                        : 
    select
        coalesce(sum(b1_0.totalPrice), 0) 
    from
        Booking b1_0 
    join
        Room r1_0 
            on r1_0.RoomId=b1_0.RoomId 
    where
        r1_0.HotelId=? 
        and b1_0.checkOut between ? and ? 
        and b1_0.totalPrice is not null
2026-06-29T13:59:39.412+07:00 DEBUG 15860 --- [           main] org.hibernate.SQL                        : 
    select
        coalesce(sum(b1_0.totalPrice), 0) 
    from
        Booking b1_0 
    join
        Room r1_0 
            on r1_0.RoomId=b1_0.RoomId 
    where
        r1_0.HotelId=? 
        and b1_0.checkOut between ? and ? 
        and b1_0.totalPrice is not null
2026-06-29T13:59:39.414+07:00 DEBUG 15860 --- [           main] org.hibernate.SQL                        : 
    select
        coalesce(sum(b1_0.totalPrice), 0) 
    from
        Booking b1_0 
    join
        Room r1_0 
            on r1_0.RoomId=b1_0.RoomId 
    where
        r1_0.HotelId=? 
        and b1_0.checkOut between ? and ? 
        and b1_0.totalPrice is not null
2026-06-29T13:59:39.418+07:00 DEBUG 15860 --- [           main] org.hibernate.SQL                        : 
    select
        coalesce(sum(b1_0.totalPrice), 0) 
    from
        Booking b1_0 
    join
        Room r1_0 
            on r1_0.RoomId=b1_0.RoomId 
    where
        r1_0.HotelId=? 
        and b1_0.checkOut between ? and ? 
        and b1_0.totalPrice is not null
2026-06-29T13:59:39.423+07:00 DEBUG 15860 --- [           main] org.hibernate.SQL                        : 
    select
        coalesce(sum(b1_0.totalPrice), 0) 
    from
        Booking b1_0 
    join
        Room r1_0 
            on r1_0.RoomId=b1_0.RoomId 
    where
        r1_0.HotelId=? 
        and b1_0.checkOut between ? and ? 
        and b1_0.totalPrice is not null
2026-06-29T13:59:39.425+07:00 DEBUG 15860 --- [           main] org.hibernate.SQL                        : 
    select
        coalesce(sum(b1_0.totalPrice), 0) 
    from
        Booking b1_0 
    join
        Room r1_0 
            on r1_0.RoomId=b1_0.RoomId 
    where
        r1_0.HotelId=? 
        and b1_0.checkOut between ? and ? 
        and b1_0.totalPrice is not null
2026-06-29T13:59:39.431+07:00 DEBUG 15860 --- [           main] org.hibernate.SQL                        : 
    select
        coalesce(sum(b1_0.totalPrice), 0) 
    from
        Booking b1_0 
    join
        Room r1_0 
            on r1_0.RoomId=b1_0.RoomId 
    where
        r1_0.HotelId=? 
        and b1_0.checkOut between ? and ? 
        and b1_0.totalPrice is not null
2026-06-29T13:59:39.431+07:00 DEBUG 15860 --- [           main] org.hibernate.SQL                        : 
    select
        coalesce(sum(b1_0.totalPrice), 0) 
    from
        Booking b1_0 
    join
        Room r1_0 
            on r1_0.RoomId=b1_0.RoomId 
    where
        r1_0.HotelId=? 
        and b1_0.checkOut between ? and ? 
        and b1_0.totalPrice is not null
2026-06-29T13:59:39.438+07:00 DEBUG 15860 --- [           main] org.hibernate.SQL                        : 
    select
        coalesce(sum(b1_0.totalPrice), 0) 
    from
        Booking b1_0 
    join
        Room r1_0 
            on r1_0.RoomId=b1_0.RoomId 
    where
        r1_0.HotelId=? 
        and b1_0.checkOut between ? and ? 
        and b1_0.totalPrice is not null
]]></system-out>
  </testcase>
  <testcase name="contextLoads" classname="genZ.PRM391GenZ.Prm391GenZApplicationTests" time="0.007"/>
</testsuite>