<?xml version="1.0" encoding="UTF-8"?>
<testsuite xmlns:xsi="http://www.w3.org/2001/XMLSchema-instance" xsi:noNamespaceSchemaLocation="https://maven.apache.org/surefire/maven-surefire-plugin/xsd/surefire-test-report.xsd" version="3.0.2" name="genZ.PRM391GenZ.Prm391GenZApplicationTests" time="12.9" tests="1" errors="0" skipped="0" failures="0">
  <properties>
[...]
</properties>
  <testcase name="dashboardRevenueOverviewLoads" classname="genZ.PRM391GenZ.Prm391GenZApplicationTests" time="0.752">
    <system-out><![CDATA[14:52:28.826 [main] INFO org.springframework.test.context.support.AnnotationConfigContextLoaderUtils -- Could not detect default configuration classes for test class [genZ.PRM391GenZ.Prm391GenZApplicationTests]: Prm391GenZApplicationTests does not declare any static, non-private, non-final, nested classes annotated with @Configuration.
14:52:28.992 [main] INFO org.springframework.boot.test.context.SpringBootTestContextBootstrapper -- Found @SpringBootConfiguration genZ.PRM391GenZ.Prm391GenZApplication for test class genZ.PRM391GenZ.Prm391GenZApplicationTests

  .   ____          _            __ _ _
 /\\ / ___'_ __ _ _(_)_ __  __ _ \ \ \ \
( ( )\___ | '_ | '_| | '_ \/ _` | \ \ \ \
 \\/  ___)| |_)| | | | | || (_| |  ) ) ) )
  '  |____| .__|_| |_|_| |_\__, | / / / /
 =========|_|==============|___/=/_/_/_/

 :: Spring Boot ::                (v3.5.6)

2026-07-20T14:52:29.622+07:00  INFO 24596 --- [           main] g.PRM391GenZ.Prm391GenZApplicationTests  : Starting Prm391GenZApplicationTests using Java 17.0.12 with PID 24596 (started by admin in D:\Ky_8\PRM393_Project\Project_PRM391\backend)
2026-07-20T14:52:29.625+07:00  INFO 24596 --- [           main] g.PRM391GenZ.Prm391GenZApplicationTests  : No active profile set, falling back to 1 default profile: "default"
2026-07-20T14:52:30.819+07:00  INFO 24596 --- [           main] .s.d.r.c.RepositoryConfigurationDelegate : Bootstrapping Spring Data JPA repositories in DEFAULT mode.
2026-07-20T14:52:31.040+07:00  INFO 24596 --- [           main] .s.d.r.c.RepositoryConfigurationDelegate : Finished Spring Data repository scanning in 201 ms. Found 11 JPA repository interfaces.
2026-07-20T14:52:32.257+07:00  INFO 24596 --- [           main] o.hibernate.jpa.internal.util.LogHelper  : HHH000204: Processing PersistenceUnitInfo [name: default]
2026-07-20T14:52:32.407+07:00  INFO 24596 --- [           main] org.hibernate.Version                    : HHH000412: Hibernate ORM core version 6.6.29.Final
2026-07-20T14:52:32.458+07:00  INFO 24596 --- [           main] o.h.c.internal.RegionFactoryInitiator    : HHH000026: Second-level cache disabled
2026-07-20T14:52:32.885+07:00  INFO 24596 --- [           main] o.s.o.j.p.SpringPersistenceUnitInfo      : No LoadTimeWeaver setup: ignoring JPA class transformer
2026-07-20T14:52:32.910+07:00  INFO 24596 --- [           main] com.zaxxer.hikari.HikariDataSource       : HikariPool-1 - Starting...
2026-07-20T14:52:33.222+07:00  INFO 24596 --- [           main] com.zaxxer.hikari.pool.HikariPool        : HikariPool-1 - Added connection ConnectionID:1 ClientConnectionId: 9f0a9dd0-e1e0-4db2-abfa-af096e68fcb8
2026-07-20T14:52:33.222+07:00  INFO 24596 --- [           main] com.zaxxer.hikari.HikariDataSource       : HikariPool-1 - Start completed.
2026-07-20T14:52:33.333+07:00  WARN 24596 --- [           main] org.hibernate.orm.deprecation            : HHH90000025: SQLServerDialect does not need to be specified explicitly using 'hibernate.dialect' (remove the property setting and it will be selected by default)
2026-07-20T14:52:33.367+07:00  INFO 24596 --- [           main] org.hibernate.orm.connections.pooling    : HHH10001005: Database info:
	Database JDBC URL [Connecting through datasource 'HikariDataSource (HikariPool-1)']
	Database driver: undefined/unknown
	Database version: 16.0
	Autocommit mode: undefined/unknown
	Isolation level: undefined/unknown
	Minimum pool size: undefined/unknown
	Maximum pool size: undefined/unknown
2026-07-20T14:52:34.437+07:00  INFO 24596 --- [           main] o.h.e.t.j.p.i.JtaPlatformInitiator       : HHH000489: No JTA platform available (set 'hibernate.transaction.jta.platform' to enable JTA platform integration)
2026-07-20T14:52:35.131+07:00 DEBUG 24596 --- [           main] org.hibernate.SQL                        : 
    alter table [User] 
       alter column Image_cccd NVARCHAR(MAX)
2026-07-20T14:52:35.139+07:00 DEBUG 24596 --- [           main] org.hibernate.SQL                        : 
    alter table Booking 
       alter column note NVARCHAR(MAX)
2026-07-20T14:52:35.142+07:00 DEBUG 24596 --- [           main] org.hibernate.SQL                        : 
    alter table Booking 
       alter column Status NVARCHAR(50)
2026-07-20T14:52:35.145+07:00 DEBUG 24596 --- [           main] org.hibernate.SQL                        : 
    alter table ChatMessage 
       alter column attachment_url VARCHAR(MAX)
2026-07-20T14:52:35.150+07:00 DEBUG 24596 --- [           main] org.hibernate.SQL                        : 
    alter table ChatMessage 
       alter column content NVARCHAR(MAX)
2026-07-20T14:52:35.152+07:00 DEBUG 24596 --- [           main] org.hibernate.SQL                        : 
    alter table Hotel 
       alter column address NVARCHAR(MAX)
2026-07-20T14:52:35.156+07:00 DEBUG 24596 --- [           main] org.hibernate.SQL                        : 
    alter table Room 
       alter column imageUrl NVARCHAR(MAX)
2026-07-20T14:52:35.160+07:00 DEBUG 24596 --- [           main] org.hibernate.SQL                        : 
    alter table Room 
       alter column Status NVARCHAR(50)
2026-07-20T14:52:37.594+07:00  INFO 24596 --- [           main] j.LocalContainerEntityManagerFactoryBean : Initialized JPA EntityManagerFactory for persistence unit 'default'
2026-07-20T14:52:38.133+07:00  INFO 24596 --- [           main] o.s.d.j.r.query.QueryEnhancerFactory     : Hibernate is in classpath; If applicable, HQL parser will be used.
2026-07-20T14:52:38.730+07:00  INFO 24596 --- [           main] r$InitializeUserDetailsManagerConfigurer : Global AuthenticationManager configured with UserDetailsService bean with name userDetailsServiceImpl
2026-07-20T14:52:39.586+07:00  WARN 24596 --- [           main] JpaBaseConfiguration$JpaWebConfiguration : spring.jpa.open-in-view is enabled by default. Therefore, database queries may be performed during view rendering. Explicitly configure spring.jpa.open-in-view to disable this warning
2026-07-20T14:52:40.243+07:00  WARN 24596 --- [           main] ion$DefaultTemplateResolverConfiguration : Cannot find template location: classpath:/templates/ (please add some templates, check your Thymeleaf configuration, or set spring.thymeleaf.check-template-location=false)
2026-07-20T14:52:40.425+07:00  INFO 24596 --- [           main] o.s.m.s.b.SimpleBrokerMessageHandler     : Starting...
2026-07-20T14:52:40.425+07:00  INFO 24596 --- [           main] o.s.m.s.b.SimpleBrokerMessageHandler     : BrokerAvailabilityEvent[available=true, SimpleBrokerMessageHandler [org.springframework.messaging.simp.broker.DefaultSubscriptionRegistry@3c809ee7]]
2026-07-20T14:52:40.429+07:00  INFO 24596 --- [           main] o.s.m.s.b.SimpleBrokerMessageHandler     : Started.
2026-07-20T14:52:40.440+07:00  INFO 24596 --- [           main] g.PRM391GenZ.Prm391GenZApplicationTests  : Started Prm391GenZApplicationTests in 11.232 seconds (process running for 12.603)
2026-07-20T14:52:41.016+07:00 DEBUG 24596 --- [           main] org.hibernate.SQL                        : 
    select
        coalesce(sum(b1_0.totalPrice), 0) 
    from
        Booking b1_0 
    where
        b1_0.paidAt between ? and ? 
        and b1_0.totalPrice is not null
2026-07-20T14:52:41.030+07:00 DEBUG 24596 --- [           main] org.hibernate.SQL                        : 
    select
        coalesce(sum(b1_0.totalPrice), 0) 
    from
        Booking b1_0 
    where
        b1_0.paidAt between ? and ? 
        and b1_0.totalPrice is not null
2026-07-20T14:52:41.042+07:00 DEBUG 24596 --- [           main] org.hibernate.SQL                        : 
    select
        coalesce(sum(b1_0.totalPrice), 0) 
    from
        Booking b1_0 
    where
        b1_0.paidAt between ? and ? 
        and b1_0.totalPrice is not null
2026-07-20T14:52:41.052+07:00 DEBUG 24596 --- [           main] org.hibernate.SQL                        : 
    select
        coalesce(sum(b1_0.totalPrice), 0) 
    from
        Booking b1_0 
    where
        b1_0.paidAt between ? and ? 
        and b1_0.totalPrice is not null
2026-07-20T14:52:41.061+07:00 DEBUG 24596 --- [           main] org.hibernate.SQL                        : 
    select
        coalesce(sum(b1_0.totalPrice), 0) 
    from
        Booking b1_0 
    where
        b1_0.paidAt between ? and ? 
        and b1_0.totalPrice is not null
2026-07-20T14:52:41.082+07:00 DEBUG 24596 --- [           main] org.hibernate.SQL                        : 
    select
        h1_0.HotelId,
        h1_0.address,
        h1_0.countRoom,
        h1_0.[name],
        h1_0.phone 
    from
        Hotel h1_0
2026-07-20T14:52:41.106+07:00 DEBUG 24596 --- [           main] org.hibernate.SQL                        : 
    select
        coalesce(sum(b1_0.totalPrice), 0) 
    from
        Booking b1_0 
    join
        Room r1_0 
            on r1_0.RoomId=b1_0.RoomId 
    where
        r1_0.HotelId=? 
        and b1_0.paidAt between ? and ? 
        and b1_0.totalPrice is not null
2026-07-20T14:52:41.120+07:00 DEBUG 24596 --- [           main] org.hibernate.SQL                        : 
    select
        coalesce(sum(b1_0.totalPrice), 0) 
    from
        Booking b1_0 
    join
        Room r1_0 
            on r1_0.RoomId=b1_0.RoomId 
    where
        r1_0.HotelId=? 
        and b1_0.paidAt between ? and ? 
        and b1_0.totalPrice is not null
2026-07-20T14:52:41.124+07:00 DEBUG 24596 --- [           main] org.hibernate.SQL                        : 
    select
        coalesce(sum(b1_0.totalPrice), 0) 
    from
        Booking b1_0 
    join
        Room r1_0 
            on r1_0.RoomId=b1_0.RoomId 
    where
        r1_0.HotelId=? 
        and b1_0.paidAt between ? and ? 
        and b1_0.totalPrice is not null
2026-07-20T14:52:41.125+07:00 DEBUG 24596 --- [           main] org.hibernate.SQL                        : 
    select
        coalesce(sum(b1_0.totalPrice), 0) 
    from
        Booking b1_0 
    join
        Room r1_0 
            on r1_0.RoomId=b1_0.RoomId 
    where
        r1_0.HotelId=? 
        and b1_0.paidAt between ? and ? 
        and b1_0.totalPrice is not null
2026-07-20T14:52:41.125+07:00 DEBUG 24596 --- [           main] org.hibernate.SQL                        : 
    select
        coalesce(sum(b1_0.totalPrice), 0) 
    from
        Booking b1_0 
    join
        Room r1_0 
            on r1_0.RoomId=b1_0.RoomId 
    where
        r1_0.HotelId=? 
        and b1_0.paidAt between ? and ? 
        and b1_0.totalPrice is not null
2026-07-20T14:52:41.129+07:00 DEBUG 24596 --- [           main] org.hibernate.SQL                        : 
    select
        coalesce(sum(b1_0.totalPrice), 0) 
    from
        Booking b1_0 
    join
        Room r1_0 
            on r1_0.RoomId=b1_0.RoomId 
    where
        r1_0.HotelId=? 
        and b1_0.paidAt between ? and ? 
        and b1_0.totalPrice is not null
2026-07-20T14:52:41.131+07:00 DEBUG 24596 --- [           main] org.hibernate.SQL                        : 
    select
        coalesce(sum(b1_0.totalPrice), 0) 
    from
        Booking b1_0 
    join
        Room r1_0 
            on r1_0.RoomId=b1_0.RoomId 
    where
        r1_0.HotelId=? 
        and b1_0.paidAt between ? and ? 
        and b1_0.totalPrice is not null
2026-07-20T14:52:41.135+07:00 DEBUG 24596 --- [           main] org.hibernate.SQL                        : 
    select
        coalesce(sum(b1_0.totalPrice), 0) 
    from
        Booking b1_0 
    join
        Room r1_0 
            on r1_0.RoomId=b1_0.RoomId 
    where
        r1_0.HotelId=? 
        and b1_0.paidAt between ? and ? 
        and b1_0.totalPrice is not null
2026-07-20T14:52:41.138+07:00 DEBUG 24596 --- [           main] org.hibernate.SQL                        : 
    select
        coalesce(sum(b1_0.totalPrice), 0) 
    from
        Booking b1_0 
    join
        Room r1_0 
            on r1_0.RoomId=b1_0.RoomId 
    where
        r1_0.HotelId=? 
        and b1_0.paidAt between ? and ? 
        and b1_0.totalPrice is not null
2026-07-20T14:52:41.140+07:00 DEBUG 24596 --- [           main] org.hibernate.SQL                        : 
    select
        coalesce(sum(b1_0.totalPrice), 0) 
    from
        Booking b1_0 
    join
        Room r1_0 
            on r1_0.RoomId=b1_0.RoomId 
    where
        r1_0.HotelId=? 
        and b1_0.paidAt between ? and ? 
        and b1_0.totalPrice is not null
2026-07-20T14:52:41.140+07:00 DEBUG 24596 --- [           main] org.hibernate.SQL                        : 
    select
        coalesce(sum(b1_0.totalPrice), 0) 
    from
        Booking b1_0 
    join
        Room r1_0 
            on r1_0.RoomId=b1_0.RoomId 
    where
        r1_0.HotelId=? 
        and b1_0.paidAt between ? and ? 
        and b1_0.totalPrice is not null
2026-07-20T14:52:41.145+07:00 DEBUG 24596 --- [           main] org.hibernate.SQL                        : 
    select
        coalesce(sum(b1_0.totalPrice), 0) 
    from
        Booking b1_0 
    join
        Room r1_0 
            on r1_0.RoomId=b1_0.RoomId 
    where
        r1_0.HotelId=? 
        and b1_0.paidAt between ? and ? 
        and b1_0.totalPrice is not null
2026-07-20T14:52:41.148+07:00 DEBUG 24596 --- [           main] org.hibernate.SQL                        : 
    select
        coalesce(sum(b1_0.totalPrice), 0) 
    from
        Booking b1_0 
    join
        Room r1_0 
            on r1_0.RoomId=b1_0.RoomId 
    where
        r1_0.HotelId=? 
        and b1_0.paidAt between ? and ? 
        and b1_0.totalPrice is not null
2026-07-20T14:52:41.148+07:00 DEBUG 24596 --- [           main] org.hibernate.SQL                        : 
    select
        coalesce(sum(b1_0.totalPrice), 0) 
    from
        Booking b1_0 
    join
        Room r1_0 
            on r1_0.RoomId=b1_0.RoomId 
    where
        r1_0.HotelId=? 
        and b1_0.paidAt between ? and ? 
        and b1_0.totalPrice is not null
2026-07-20T14:52:41.152+07:00 DEBUG 24596 --- [           main] org.hibernate.SQL                        : 
    select
        coalesce(sum(b1_0.totalPrice), 0) 
    from
        Booking b1_0 
    join
        Room r1_0 
            on r1_0.RoomId=b1_0.RoomId 
    where
        r1_0.HotelId=? 
        and b1_0.paidAt between ? and ? 
        and b1_0.totalPrice is not null
2026-07-20T14:52:41.155+07:00 DEBUG 24596 --- [           main] org.hibernate.SQL                        : 
    select
        coalesce(sum(b1_0.totalPrice), 0) 
    from
        Booking b1_0 
    join
        Room r1_0 
            on r1_0.RoomId=b1_0.RoomId 
    where
        r1_0.HotelId=? 
        and b1_0.paidAt between ? and ? 
        and b1_0.totalPrice is not null
2026-07-20T14:52:41.155+07:00 DEBUG 24596 --- [           main] org.hibernate.SQL                        : 
    select
        coalesce(sum(b1_0.totalPrice), 0) 
    from
        Booking b1_0 
    join
        Room r1_0 
            on r1_0.RoomId=b1_0.RoomId 
    where
        r1_0.HotelId=? 
        and b1_0.paidAt between ? and ? 
        and b1_0.totalPrice is not null
2026-07-20T14:52:41.155+07:00 DEBUG 24596 --- [           main] org.hibernate.SQL                        : 
    select
        coalesce(sum(b1_0.totalPrice), 0) 
    from
        Booking b1_0 
    join
        Room r1_0 
            on r1_0.RoomId=b1_0.RoomId 
    where
        r1_0.HotelId=? 
        and b1_0.paidAt between ? and ? 
        and b1_0.totalPrice is not null
2026-07-20T14:52:41.155+07:00 DEBUG 24596 --- [           main] org.hibernate.SQL                        : 
    select
        coalesce(sum(b1_0.totalPrice), 0) 
    from
        Booking b1_0 
    join
        Room r1_0 
            on r1_0.RoomId=b1_0.RoomId 
    where
        r1_0.HotelId=? 
        and b1_0.paidAt between ? and ? 
        and b1_0.totalPrice is not null
2026-07-20T14:52:41.164+07:00 DEBUG 24596 --- [           main] org.hibernate.SQL                        : 
    select
        coalesce(sum(b1_0.totalPrice), 0) 
    from
        Booking b1_0 
    join
        Room r1_0 
            on r1_0.RoomId=b1_0.RoomId 
    where
        r1_0.HotelId=? 
        and b1_0.paidAt between ? and ? 
        and b1_0.totalPrice is not null
2026-07-20T14:52:41.164+07:00 DEBUG 24596 --- [           main] org.hibernate.SQL                        : 
    select
        coalesce(sum(b1_0.totalPrice), 0) 
    from
        Booking b1_0 
    join
        Room r1_0 
            on r1_0.RoomId=b1_0.RoomId 
    where
        r1_0.HotelId=? 
        and b1_0.paidAt between ? and ? 
        and b1_0.totalPrice is not null
2026-07-20T14:52:41.166+07:00 DEBUG 24596 --- [           main] org.hibernate.SQL                        : 
    select
        coalesce(sum(b1_0.totalPrice), 0) 
    from
        Booking b1_0 
    join
        Room r1_0 
            on r1_0.RoomId=b1_0.RoomId 
    where
        r1_0.HotelId=? 
        and b1_0.paidAt between ? and ? 
        and b1_0.totalPrice is not null
2026-07-20T14:52:41.166+07:00 DEBUG 24596 --- [           main] org.hibernate.SQL                        : 
    select
        coalesce(sum(b1_0.totalPrice), 0) 
    from
        Booking b1_0 
    join
        Room r1_0 
            on r1_0.RoomId=b1_0.RoomId 
    where
        r1_0.HotelId=? 
        and b1_0.paidAt between ? and ? 
        and b1_0.totalPrice is not null
2026-07-20T14:52:41.166+07:00 DEBUG 24596 --- [           main] org.hibernate.SQL                        : 
    select
        coalesce(sum(b1_0.totalPrice), 0) 
    from
        Booking b1_0 
    join
        Room r1_0 
            on r1_0.RoomId=b1_0.RoomId 
    where
        r1_0.HotelId=? 
        and b1_0.paidAt between ? and ? 
        and b1_0.totalPrice is not null
2026-07-20T14:52:41.166+07:00 DEBUG 24596 --- [           main] org.hibernate.SQL                        : 
    select
        coalesce(sum(b1_0.totalPrice), 0) 
    from
        Booking b1_0 
    join
        Room r1_0 
            on r1_0.RoomId=b1_0.RoomId 
    where
        r1_0.HotelId=? 
        and b1_0.paidAt between ? and ? 
        and b1_0.totalPrice is not null
2026-07-20T14:52:41.166+07:00 DEBUG 24596 --- [           main] org.hibernate.SQL                        : 
    select
        coalesce(sum(b1_0.totalPrice), 0) 
    from
        Booking b1_0 
    join
        Room r1_0 
            on r1_0.RoomId=b1_0.RoomId 
    where
        r1_0.HotelId=? 
        and b1_0.paidAt between ? and ? 
        and b1_0.totalPrice is not null
2026-07-20T14:52:41.166+07:00 DEBUG 24596 --- [           main] org.hibernate.SQL                        : 
    select
        coalesce(sum(b1_0.totalPrice), 0) 
    from
        Booking b1_0 
    join
        Room r1_0 
            on r1_0.RoomId=b1_0.RoomId 
    where
        r1_0.HotelId=? 
        and b1_0.paidAt between ? and ? 
        and b1_0.totalPrice is not null
2026-07-20T14:52:41.166+07:00 DEBUG 24596 --- [           main] org.hibernate.SQL                        : 
    select
        coalesce(sum(b1_0.totalPrice), 0) 
    from
        Booking b1_0 
    join
        Room r1_0 
            on r1_0.RoomId=b1_0.RoomId 
    where
        r1_0.HotelId=? 
        and b1_0.paidAt between ? and ? 
        and b1_0.totalPrice is not null
2026-07-20T14:52:41.176+07:00 DEBUG 24596 --- [           main] org.hibernate.SQL                        : 
    select
        coalesce(sum(b1_0.totalPrice), 0) 
    from
        Booking b1_0 
    join
        Room r1_0 
            on r1_0.RoomId=b1_0.RoomId 
    where
        r1_0.HotelId=? 
        and b1_0.paidAt between ? and ? 
        and b1_0.totalPrice is not null
2026-07-20T14:52:41.176+07:00 DEBUG 24596 --- [           main] org.hibernate.SQL                        : 
    select
        coalesce(sum(b1_0.totalPrice), 0) 
    from
        Booking b1_0 
    join
        Room r1_0 
            on r1_0.RoomId=b1_0.RoomId 
    where
        r1_0.HotelId=? 
        and b1_0.paidAt between ? and ? 
        and b1_0.totalPrice is not null
2026-07-20T14:52:41.186+07:00 DEBUG 24596 --- [           main] org.hibernate.SQL                        : 
    select
        coalesce(sum(b1_0.totalPrice), 0) 
    from
        Booking b1_0 
    join
        Room r1_0 
            on r1_0.RoomId=b1_0.RoomId 
    where
        r1_0.HotelId=? 
        and b1_0.paidAt between ? and ? 
        and b1_0.totalPrice is not null
2026-07-20T14:52:41.186+07:00 DEBUG 24596 --- [           main] org.hibernate.SQL                        : 
    select
        coalesce(sum(b1_0.totalPrice), 0) 
    from
        Booking b1_0 
    join
        Room r1_0 
            on r1_0.RoomId=b1_0.RoomId 
    where
        r1_0.HotelId=? 
        and b1_0.paidAt between ? and ? 
        and b1_0.totalPrice is not null
2026-07-20T14:52:41.186+07:00 DEBUG 24596 --- [           main] org.hibernate.SQL                        : 
    select
        coalesce(sum(b1_0.totalPrice), 0) 
    from
        Booking b1_0 
    join
        Room r1_0 
            on r1_0.RoomId=b1_0.RoomId 
    where
        r1_0.HotelId=? 
        and b1_0.paidAt between ? and ? 
        and b1_0.totalPrice is not null
2026-07-20T14:52:41.186+07:00 DEBUG 24596 --- [           main] org.hibernate.SQL                        : 
    select
        coalesce(sum(b1_0.totalPrice), 0) 
    from
        Booking b1_0 
    join
        Room r1_0 
            on r1_0.RoomId=b1_0.RoomId 
    where
        r1_0.HotelId=? 
        and b1_0.paidAt between ? and ? 
        and b1_0.totalPrice is not null
2026-07-20T14:52:41.186+07:00 DEBUG 24596 --- [           main] org.hibernate.SQL                        : 
    select
        coalesce(sum(b1_0.totalPrice), 0) 
    from
        Booking b1_0 
    join
        Room r1_0 
            on r1_0.RoomId=b1_0.RoomId 
    where
        r1_0.HotelId=? 
        and b1_0.paidAt between ? and ? 
        and b1_0.totalPrice is not null
2026-07-20T14:52:41.186+07:00 DEBUG 24596 --- [           main] org.hibernate.SQL                        : 
    select
        coalesce(sum(b1_0.totalPrice), 0) 
    from
        Booking b1_0 
    join
        Room r1_0 
            on r1_0.RoomId=b1_0.RoomId 
    where
        r1_0.HotelId=? 
        and b1_0.paidAt between ? and ? 
        and b1_0.totalPrice is not null
2026-07-20T14:52:41.186+07:00 DEBUG 24596 --- [           main] org.hibernate.SQL                        : 
    select
        coalesce(sum(b1_0.totalPrice), 0) 
    from
        Booking b1_0 
    join
        Room r1_0 
            on r1_0.RoomId=b1_0.RoomId 
    where
        r1_0.HotelId=? 
        and b1_0.paidAt between ? and ? 
        and b1_0.totalPrice is not null
2026-07-20T14:52:41.194+07:00 DEBUG 24596 --- [           main] org.hibernate.SQL                        : 
    select
        coalesce(sum(b1_0.totalPrice), 0) 
    from
        Booking b1_0 
    join
        Room r1_0 
            on r1_0.RoomId=b1_0.RoomId 
    where
        r1_0.HotelId=? 
        and b1_0.paidAt between ? and ? 
        and b1_0.totalPrice is not null
2026-07-20T14:52:41.194+07:00 DEBUG 24596 --- [           main] org.hibernate.SQL                        : 
    select
        coalesce(sum(b1_0.totalPrice), 0) 
    from
        Booking b1_0 
    join
        Room r1_0 
            on r1_0.RoomId=b1_0.RoomId 
    where
        r1_0.HotelId=? 
        and b1_0.paidAt between ? and ? 
        and b1_0.totalPrice is not null
2026-07-20T14:52:41.194+07:00 DEBUG 24596 --- [           main] org.hibernate.SQL                        : 
    select
        coalesce(sum(b1_0.totalPrice), 0) 
    from
        Booking b1_0 
    join
        Room r1_0 
            on r1_0.RoomId=b1_0.RoomId 
    where
        r1_0.HotelId=? 
        and b1_0.paidAt between ? and ? 
        and b1_0.totalPrice is not null
2026-07-20T14:52:41.194+07:00 DEBUG 24596 --- [           main] org.hibernate.SQL                        : 
    select
        coalesce(sum(b1_0.totalPrice), 0) 
    from
        Booking b1_0 
    join
        Room r1_0 
            on r1_0.RoomId=b1_0.RoomId 
    where
        r1_0.HotelId=? 
        and b1_0.paidAt between ? and ? 
        and b1_0.totalPrice is not null
2026-07-20T14:52:41.194+07:00 DEBUG 24596 --- [           main] org.hibernate.SQL                        : 
    select
        coalesce(sum(b1_0.totalPrice), 0) 
    from
        Booking b1_0 
    join
        Room r1_0 
            on r1_0.RoomId=b1_0.RoomId 
    where
        r1_0.HotelId=? 
        and b1_0.paidAt between ? and ? 
        and b1_0.totalPrice is not null
2026-07-20T14:52:41.194+07:00 DEBUG 24596 --- [           main] org.hibernate.SQL                        : 
    select
        coalesce(sum(b1_0.totalPrice), 0) 
    from
        Booking b1_0 
    join
        Room r1_0 
            on r1_0.RoomId=b1_0.RoomId 
    where
        r1_0.HotelId=? 
        and b1_0.paidAt between ? and ? 
        and b1_0.totalPrice is not null
2026-07-20T14:52:41.194+07:00 DEBUG 24596 --- [           main] org.hibernate.SQL                        : 
    select
        coalesce(sum(b1_0.totalPrice), 0) 
    from
        Booking b1_0 
    join
        Room r1_0 
            on r1_0.RoomId=b1_0.RoomId 
    where
        r1_0.HotelId=? 
        and b1_0.paidAt between ? and ? 
        and b1_0.totalPrice is not null
2026-07-20T14:52:41.194+07:00 DEBUG 24596 --- [           main] org.hibernate.SQL                        : 
    select
        coalesce(sum(b1_0.totalPrice), 0) 
    from
        Booking b1_0 
    join
        Room r1_0 
            on r1_0.RoomId=b1_0.RoomId 
    where
        r1_0.HotelId=? 
        and b1_0.paidAt between ? and ? 
        and b1_0.totalPrice is not null
2026-07-20T14:52:41.204+07:00 DEBUG 24596 --- [           main] org.hibernate.SQL                        : 
    select
        coalesce(sum(b1_0.totalPrice), 0) 
    from
        Booking b1_0 
    join
        Room r1_0 
            on r1_0.RoomId=b1_0.RoomId 
    where
        r1_0.HotelId=? 
        and b1_0.paidAt between ? and ? 
        and b1_0.totalPrice is not null
2026-07-20T14:52:41.204+07:00 DEBUG 24596 --- [           main] org.hibernate.SQL                        : 
    select
        coalesce(sum(b1_0.totalPrice), 0) 
    from
        Booking b1_0 
    join
        Room r1_0 
            on r1_0.RoomId=b1_0.RoomId 
    where
        r1_0.HotelId=? 
        and b1_0.paidAt between ? and ? 
        and b1_0.totalPrice is not null
2026-07-20T14:52:41.204+07:00 DEBUG 24596 --- [           main] org.hibernate.SQL                        : 
    select
        coalesce(sum(b1_0.totalPrice), 0) 
    from
        Booking b1_0 
    join
        Room r1_0 
            on r1_0.RoomId=b1_0.RoomId 
    where
        r1_0.HotelId=? 
        and b1_0.paidAt between ? and ? 
        and b1_0.totalPrice is not null
2026-07-20T14:52:41.204+07:00 DEBUG 24596 --- [           main] org.hibernate.SQL                        : 
    select
        coalesce(sum(b1_0.totalPrice), 0) 
    from
        Booking b1_0 
    join
        Room r1_0 
            on r1_0.RoomId=b1_0.RoomId 
    where
        r1_0.HotelId=? 
        and b1_0.paidAt between ? and ? 
        and b1_0.totalPrice is not null
2026-07-20T14:52:41.204+07:00 DEBUG 24596 --- [           main] org.hibernate.SQL                        : 
    select
        coalesce(sum(b1_0.totalPrice), 0) 
    from
        Booking b1_0 
    join
        Room r1_0 
            on r1_0.RoomId=b1_0.RoomId 
    where
        r1_0.HotelId=? 
        and b1_0.paidAt between ? and ? 
        and b1_0.totalPrice is not null
2026-07-20T14:52:41.204+07:00 DEBUG 24596 --- [           main] org.hibernate.SQL                        : 
    select
        coalesce(sum(b1_0.totalPrice), 0) 
    from
        Booking b1_0 
    join
        Room r1_0 
            on r1_0.RoomId=b1_0.RoomId 
    where
        r1_0.HotelId=? 
        and b1_0.paidAt between ? and ? 
        and b1_0.totalPrice is not null
2026-07-20T14:52:41.204+07:00 DEBUG 24596 --- [           main] org.hibernate.SQL                        : 
    select
        coalesce(sum(b1_0.totalPrice), 0) 
    from
        Booking b1_0 
    join
        Room r1_0 
            on r1_0.RoomId=b1_0.RoomId 
    where
        r1_0.HotelId=? 
        and b1_0.paidAt between ? and ? 
        and b1_0.totalPrice is not null
2026-07-20T14:52:41.204+07:00 DEBUG 24596 --- [           main] org.hibernate.SQL                        : 
    select
        coalesce(sum(b1_0.totalPrice), 0) 
    from
        Booking b1_0 
    join
        Room r1_0 
            on r1_0.RoomId=b1_0.RoomId 
    where
        r1_0.HotelId=? 
        and b1_0.paidAt between ? and ? 
        and b1_0.totalPrice is not null
2026-07-20T14:52:41.215+07:00 DEBUG 24596 --- [           main] org.hibernate.SQL                        : 
    select
        coalesce(sum(b1_0.totalPrice), 0) 
    from
        Booking b1_0 
    join
        Room r1_0 
            on r1_0.RoomId=b1_0.RoomId 
    where
        r1_0.HotelId=? 
        and b1_0.paidAt between ? and ? 
        and b1_0.totalPrice is not null
2026-07-20T14:52:41.215+07:00 DEBUG 24596 --- [           main] org.hibernate.SQL                        : 
    select
        coalesce(sum(b1_0.totalPrice), 0) 
    from
        Booking b1_0 
    join
        Room r1_0 
            on r1_0.RoomId=b1_0.RoomId 
    where
        r1_0.HotelId=? 
        and b1_0.paidAt between ? and ? 
        and b1_0.totalPrice is not null
2026-07-20T14:52:41.215+07:00 DEBUG 24596 --- [           main] org.hibernate.SQL                        : 
    select
        coalesce(sum(b1_0.totalPrice), 0) 
    from
        Booking b1_0 
    join
        Room r1_0 
            on r1_0.RoomId=b1_0.RoomId 
    where
        r1_0.HotelId=? 
        and b1_0.paidAt between ? and ? 
        and b1_0.totalPrice is not null
2026-07-20T14:52:41.215+07:00 DEBUG 24596 --- [           main] org.hibernate.SQL                        : 
    select
        coalesce(sum(b1_0.totalPrice), 0) 
    from
        Booking b1_0 
    join
        Room r1_0 
            on r1_0.RoomId=b1_0.RoomId 
    where
        r1_0.HotelId=? 
        and b1_0.paidAt between ? and ? 
        and b1_0.totalPrice is not null
2026-07-20T14:52:41.215+07:00 DEBUG 24596 --- [           main] org.hibernate.SQL                        : 
    select
        coalesce(sum(b1_0.totalPrice), 0) 
    from
        Booking b1_0 
    join
        Room r1_0 
            on r1_0.RoomId=b1_0.RoomId 
    where
        r1_0.HotelId=? 
        and b1_0.paidAt between ? and ? 
        and b1_0.totalPrice is not null
2026-07-20T14:52:41.215+07:00 DEBUG 24596 --- [           main] org.hibernate.SQL                        : 
    select
        coalesce(sum(b1_0.totalPrice), 0) 
    from
        Booking b1_0 
    join
        Room r1_0 
            on r1_0.RoomId=b1_0.RoomId 
    where
        r1_0.HotelId=? 
        and b1_0.paidAt between ? and ? 
        and b1_0.totalPrice is not null
2026-07-20T14:52:41.215+07:00 DEBUG 24596 --- [           main] org.hibernate.SQL                        : 
    select
        coalesce(sum(b1_0.totalPrice), 0) 
    from
        Booking b1_0 
    join
        Room r1_0 
            on r1_0.RoomId=b1_0.RoomId 
    where
        r1_0.HotelId=? 
        and b1_0.paidAt between ? and ? 
        and b1_0.totalPrice is not null
2026-07-20T14:52:41.225+07:00 DEBUG 24596 --- [           main] org.hibernate.SQL                        : 
    select
        coalesce(sum(b1_0.totalPrice), 0) 
    from
        Booking b1_0 
    join
        Room r1_0 
            on r1_0.RoomId=b1_0.RoomId 
    where
        r1_0.HotelId=? 
        and b1_0.paidAt between ? and ? 
        and b1_0.totalPrice is not null
2026-07-20T14:52:41.225+07:00 DEBUG 24596 --- [           main] org.hibernate.SQL                        : 
    select
        coalesce(sum(b1_0.totalPrice), 0) 
    from
        Booking b1_0 
    join
        Room r1_0 
            on r1_0.RoomId=b1_0.RoomId 
    where
        r1_0.HotelId=? 
        and b1_0.paidAt between ? and ? 
        and b1_0.totalPrice is not null
2026-07-20T14:52:41.225+07:00 DEBUG 24596 --- [           main] org.hibernate.SQL                        : 
    select
        coalesce(sum(b1_0.totalPrice), 0) 
    from
        Booking b1_0 
    join
        Room r1_0 
            on r1_0.RoomId=b1_0.RoomId 
    where
        r1_0.HotelId=? 
        and b1_0.paidAt between ? and ? 
        and b1_0.totalPrice is not null
2026-07-20T14:52:41.228+07:00 DEBUG 24596 --- [           main] org.hibernate.SQL                        : 
    select
        coalesce(sum(b1_0.totalPrice), 0) 
    from
        Booking b1_0 
    join
        Room r1_0 
            on r1_0.RoomId=b1_0.RoomId 
    where
        r1_0.HotelId=? 
        and b1_0.paidAt between ? and ? 
        and b1_0.totalPrice is not null
2026-07-20T14:52:41.228+07:00 DEBUG 24596 --- [           main] org.hibernate.SQL                        : 
    select
        coalesce(sum(b1_0.totalPrice), 0) 
    from
        Booking b1_0 
    join
        Room r1_0 
            on r1_0.RoomId=b1_0.RoomId 
    where
        r1_0.HotelId=? 
        and b1_0.paidAt between ? and ? 
        and b1_0.totalPrice is not null
2026-07-20T14:52:41.228+07:00 DEBUG 24596 --- [           main] org.hibernate.SQL                        : 
    select
        coalesce(sum(b1_0.totalPrice), 0) 
    from
        Booking b1_0 
    join
        Room r1_0 
            on r1_0.RoomId=b1_0.RoomId 
    where
        r1_0.HotelId=? 
        and b1_0.paidAt between ? and ? 
        and b1_0.totalPrice is not null
2026-07-20T14:52:41.228+07:00 DEBUG 24596 --- [           main] org.hibernate.SQL                        : 
    select
        coalesce(sum(b1_0.totalPrice), 0) 
    from
        Booking b1_0 
    join
        Room r1_0 
            on r1_0.RoomId=b1_0.RoomId 
    where
        r1_0.HotelId=? 
        and b1_0.paidAt between ? and ? 
        and b1_0.totalPrice is not null
2026-07-20T14:52:41.228+07:00 DEBUG 24596 --- [           main] org.hibernate.SQL                        : 
    select
        coalesce(sum(b1_0.totalPrice), 0) 
    from
        Booking b1_0 
    join
        Room r1_0 
            on r1_0.RoomId=b1_0.RoomId 
    where
        r1_0.HotelId=? 
        and b1_0.paidAt between ? and ? 
        and b1_0.totalPrice is not null
2026-07-20T14:52:41.228+07:00 DEBUG 24596 --- [           main] org.hibernate.SQL                        : 
    select
        coalesce(sum(b1_0.totalPrice), 0) 
    from
        Booking b1_0 
    join
        Room r1_0 
            on r1_0.RoomId=b1_0.RoomId 
    where
        r1_0.HotelId=? 
        and b1_0.paidAt between ? and ? 
        and b1_0.totalPrice is not null
2026-07-20T14:52:41.235+07:00 DEBUG 24596 --- [           main] org.hibernate.SQL                        : 
    select
        coalesce(sum(b1_0.totalPrice), 0) 
    from
        Booking b1_0 
    join
        Room r1_0 
            on r1_0.RoomId=b1_0.RoomId 
    where
        r1_0.HotelId=? 
        and b1_0.paidAt between ? and ? 
        and b1_0.totalPrice is not null
2026-07-20T14:52:41.237+07:00 DEBUG 24596 --- [           main] org.hibernate.SQL                        : 
    select
        coalesce(sum(b1_0.totalPrice), 0) 
    from
        Booking b1_0 
    join
        Room r1_0 
            on r1_0.RoomId=b1_0.RoomId 
    where
        r1_0.HotelId=? 
        and b1_0.paidAt between ? and ? 
        and b1_0.totalPrice is not null
2026-07-20T14:52:41.237+07:00 DEBUG 24596 --- [           main] org.hibernate.SQL                        : 
    select
        coalesce(sum(b1_0.totalPrice), 0) 
    from
        Booking b1_0 
    join
        Room r1_0 
            on r1_0.RoomId=b1_0.RoomId 
    where
        r1_0.HotelId=? 
        and b1_0.paidAt between ? and ? 
        and b1_0.totalPrice is not null
2026-07-20T14:52:41.237+07:00 DEBUG 24596 --- [           main] org.hibernate.SQL                        : 
    select
        coalesce(sum(b1_0.totalPrice), 0) 
    from
        Booking b1_0 
    join
        Room r1_0 
            on r1_0.RoomId=b1_0.RoomId 
    where
        r1_0.HotelId=? 
        and b1_0.paidAt between ? and ? 
        and b1_0.totalPrice is not null
2026-07-20T14:52:41.237+07:00 DEBUG 24596 --- [           main] org.hibernate.SQL                        : 
    select
        coalesce(sum(b1_0.totalPrice), 0) 
    from
        Booking b1_0 
    join
        Room r1_0 
            on r1_0.RoomId=b1_0.RoomId 
    where
        r1_0.HotelId=? 
        and b1_0.paidAt between ? and ? 
        and b1_0.totalPrice is not null
2026-07-20T14:52:41.242+07:00 DEBUG 24596 --- [           main] org.hibernate.SQL                        : 
    select
        coalesce(sum(b1_0.totalPrice), 0) 
    from
        Booking b1_0 
    join
        Room r1_0 
            on r1_0.RoomId=b1_0.RoomId 
    where
        r1_0.HotelId=? 
        and b1_0.paidAt between ? and ? 
        and b1_0.totalPrice is not null
2026-07-20T14:52:41.246+07:00 DEBUG 24596 --- [           main] org.hibernate.SQL                        : 
    select
        coalesce(sum(b1_0.totalPrice), 0) 
    from
        Booking b1_0 
    join
        Room r1_0 
            on r1_0.RoomId=b1_0.RoomId 
    where
        r1_0.HotelId=? 
        and b1_0.paidAt between ? and ? 
        and b1_0.totalPrice is not null
2026-07-20T14:52:41.248+07:00 DEBUG 24596 --- [           main] org.hibernate.SQL                        : 
    select
        coalesce(sum(b1_0.totalPrice), 0) 
    from
        Booking b1_0 
    join
        Room r1_0 
            on r1_0.RoomId=b1_0.RoomId 
    where
        r1_0.HotelId=? 
        and b1_0.paidAt between ? and ? 
        and b1_0.totalPrice is not null
2026-07-20T14:52:41.251+07:00 DEBUG 24596 --- [           main] org.hibernate.SQL                        : 
    select
        coalesce(sum(b1_0.totalPrice), 0) 
    from
        Booking b1_0 
    join
        Room r1_0 
            on r1_0.RoomId=b1_0.RoomId 
    where
        r1_0.HotelId=? 
        and b1_0.paidAt between ? and ? 
        and b1_0.totalPrice is not null
2026-07-20T14:52:41.253+07:00 DEBUG 24596 --- [           main] org.hibernate.SQL                        : 
    select
        coalesce(sum(b1_0.totalPrice), 0) 
    from
        Booking b1_0 
    join
        Room r1_0 
            on r1_0.RoomId=b1_0.RoomId 
    where
        r1_0.HotelId=? 
        and b1_0.paidAt between ? and ? 
        and b1_0.totalPrice is not null
2026-07-20T14:52:41.253+07:00 DEBUG 24596 --- [           main] org.hibernate.SQL                        : 
    select
        coalesce(sum(b1_0.totalPrice), 0) 
    from
        Booking b1_0 
    join
        Room r1_0 
            on r1_0.RoomId=b1_0.RoomId 
    where
        r1_0.HotelId=? 
        and b1_0.paidAt between ? and ? 
        and b1_0.totalPrice is not null
2026-07-20T14:52:41.253+07:00 DEBUG 24596 --- [           main] org.hibernate.SQL                        : 
    select
        coalesce(sum(b1_0.totalPrice), 0) 
    from
        Booking b1_0 
    join
        Room r1_0 
            on r1_0.RoomId=b1_0.RoomId 
    where
        r1_0.HotelId=? 
        and b1_0.paidAt between ? and ? 
        and b1_0.totalPrice is not null
2026-07-20T14:52:41.259+07:00 DEBUG 24596 --- [           main] org.hibernate.SQL                        : 
    select
        coalesce(sum(b1_0.totalPrice), 0) 
    from
        Booking b1_0 
    join
        Room r1_0 
            on r1_0.RoomId=b1_0.RoomId 
    where
        r1_0.HotelId=? 
        and b1_0.paidAt between ? and ? 
        and b1_0.totalPrice is not null
2026-07-20T14:52:41.259+07:00 DEBUG 24596 --- [           main] org.hibernate.SQL                        : 
    select
        coalesce(sum(b1_0.totalPrice), 0) 
    from
        Booking b1_0 
    join
        Room r1_0 
            on r1_0.RoomId=b1_0.RoomId 
    where
        r1_0.HotelId=? 
        and b1_0.paidAt between ? and ? 
        and b1_0.totalPrice is not null
2026-07-20T14:52:41.263+07:00 DEBUG 24596 --- [           main] org.hibernate.SQL                        : 
    select
        coalesce(sum(b1_0.totalPrice), 0) 
    from
        Booking b1_0 
    join
        Room r1_0 
            on r1_0.RoomId=b1_0.RoomId 
    where
        r1_0.HotelId=? 
        and b1_0.paidAt between ? and ? 
        and b1_0.totalPrice is not null
2026-07-20T14:52:41.263+07:00 DEBUG 24596 --- [           main] org.hibernate.SQL                        : 
    select
        coalesce(sum(b1_0.totalPrice), 0) 
    from
        Booking b1_0 
    join
        Room r1_0 
            on r1_0.RoomId=b1_0.RoomId 
    where
        r1_0.HotelId=? 
        and b1_0.paidAt between ? and ? 
        and b1_0.totalPrice is not null
2026-07-20T14:52:41.263+07:00 DEBUG 24596 --- [           main] org.hibernate.SQL                        : 
    select
        coalesce(sum(b1_0.totalPrice), 0) 
    from
        Booking b1_0 
    join
        Room r1_0 
            on r1_0.RoomId=b1_0.RoomId 
    where
        r1_0.HotelId=? 
        and b1_0.paidAt between ? and ? 
        and b1_0.totalPrice is not null
2026-07-20T14:52:41.270+07:00 DEBUG 24596 --- [           main] org.hibernate.SQL                        : 
    select
        coalesce(sum(b1_0.totalPrice), 0) 
    from
        Booking b1_0 
    join
        Room r1_0 
            on r1_0.RoomId=b1_0.RoomId 
    where
        r1_0.HotelId=? 
        and b1_0.paidAt between ? and ? 
        and b1_0.totalPrice is not null
2026-07-20T14:52:41.271+07:00 DEBUG 24596 --- [           main] org.hibernate.SQL                        : 
    select
        coalesce(sum(b1_0.totalPrice), 0) 
    from
        Booking b1_0 
    join
        Room r1_0 
            on r1_0.RoomId=b1_0.RoomId 
    where
        r1_0.HotelId=? 
        and b1_0.paidAt between ? and ? 
        and b1_0.totalPrice is not null
2026-07-20T14:52:41.273+07:00 DEBUG 24596 --- [           main] org.hibernate.SQL                        : 
    select
        coalesce(sum(b1_0.totalPrice), 0) 
    from
        Booking b1_0 
    join
        Room r1_0 
            on r1_0.RoomId=b1_0.RoomId 
    where
        r1_0.HotelId=? 
        and b1_0.paidAt between ? and ? 
        and b1_0.totalPrice is not null
2026-07-20T14:52:41.273+07:00 DEBUG 24596 --- [           main] org.hibernate.SQL                        : 
    select
        coalesce(sum(b1_0.totalPrice), 0) 
    from
        Booking b1_0 
    join
        Room r1_0 
            on r1_0.RoomId=b1_0.RoomId 
    where
        r1_0.HotelId=? 
        and b1_0.paidAt between ? and ? 
        and b1_0.totalPrice is not null
2026-07-20T14:52:41.273+07:00 DEBUG 24596 --- [           main] org.hibernate.SQL                        : 
    select
        coalesce(sum(b1_0.totalPrice), 0) 
    from
        Booking b1_0 
    join
        Room r1_0 
            on r1_0.RoomId=b1_0.RoomId 
    where
        r1_0.HotelId=? 
        and b1_0.paidAt between ? and ? 
        and b1_0.totalPrice is not null
2026-07-20T14:52:41.273+07:00 DEBUG 24596 --- [           main] org.hibernate.SQL                        : 
    select
        coalesce(sum(b1_0.totalPrice), 0) 
    from
        Booking b1_0 
    join
        Room r1_0 
            on r1_0.RoomId=b1_0.RoomId 
    where
        r1_0.HotelId=? 
        and b1_0.paidAt between ? and ? 
        and b1_0.totalPrice is not null
2026-07-20T14:52:41.273+07:00 DEBUG 24596 --- [           main] org.hibernate.SQL                        : 
    select
        coalesce(sum(b1_0.totalPrice), 0) 
    from
        Booking b1_0 
    join
        Room r1_0 
            on r1_0.RoomId=b1_0.RoomId 
    where
        r1_0.HotelId=? 
        and b1_0.paidAt between ? and ? 
        and b1_0.totalPrice is not null
2026-07-20T14:52:41.278+07:00 DEBUG 24596 --- [           main] org.hibernate.SQL                        : 
    select
        coalesce(sum(b1_0.totalPrice), 0) 
    from
        Booking b1_0 
    join
        Room r1_0 
            on r1_0.RoomId=b1_0.RoomId 
    where
        r1_0.HotelId=? 
        and b1_0.paidAt between ? and ? 
        and b1_0.totalPrice is not null
2026-07-20T14:52:41.280+07:00 DEBUG 24596 --- [           main] org.hibernate.SQL                        : 
    select
        coalesce(sum(b1_0.totalPrice), 0) 
    from
        Booking b1_0 
    join
        Room r1_0 
            on r1_0.RoomId=b1_0.RoomId 
    where
        r1_0.HotelId=? 
        and b1_0.paidAt between ? and ? 
        and b1_0.totalPrice is not null
2026-07-20T14:52:41.282+07:00 DEBUG 24596 --- [           main] org.hibernate.SQL                        : 
    select
        coalesce(sum(b1_0.totalPrice), 0) 
    from
        Booking b1_0 
    join
        Room r1_0 
            on r1_0.RoomId=b1_0.RoomId 
    where
        r1_0.HotelId=? 
        and b1_0.paidAt between ? and ? 
        and b1_0.totalPrice is not null
2026-07-20T14:52:41.282+07:00 DEBUG 24596 --- [           main] org.hibernate.SQL                        : 
    select
        coalesce(sum(b1_0.totalPrice), 0) 
    from
        Booking b1_0 
    join
        Room r1_0 
            on r1_0.RoomId=b1_0.RoomId 
    where
        r1_0.HotelId=? 
        and b1_0.paidAt between ? and ? 
        and b1_0.totalPrice is not null
2026-07-20T14:52:41.284+07:00 DEBUG 24596 --- [           main] org.hibernate.SQL                        : 
    select
        coalesce(sum(b1_0.totalPrice), 0) 
    from
        Booking b1_0 
    join
        Room r1_0 
            on r1_0.RoomId=b1_0.RoomId 
    where
        r1_0.HotelId=? 
        and b1_0.paidAt between ? and ? 
        and b1_0.totalPrice is not null
2026-07-20T14:52:41.285+07:00 DEBUG 24596 --- [           main] org.hibernate.SQL                        : 
    select
        coalesce(sum(b1_0.totalPrice), 0) 
    from
        Booking b1_0 
    join
        Room r1_0 
            on r1_0.RoomId=b1_0.RoomId 
    where
        r1_0.HotelId=? 
        and b1_0.paidAt between ? and ? 
        and b1_0.totalPrice is not null
2026-07-20T14:52:41.287+07:00 DEBUG 24596 --- [           main] org.hibernate.SQL                        : 
    select
        coalesce(sum(b1_0.totalPrice), 0) 
    from
        Booking b1_0 
    join
        Room r1_0 
            on r1_0.RoomId=b1_0.RoomId 
    where
        r1_0.HotelId=? 
        and b1_0.paidAt between ? and ? 
        and b1_0.totalPrice is not null
2026-07-20T14:52:41.287+07:00 DEBUG 24596 --- [           main] org.hibernate.SQL                        : 
    select
        coalesce(sum(b1_0.totalPrice), 0) 
    from
        Booking b1_0 
    where
        b1_0.paidAt between ? and ? 
        and b1_0.totalPrice is not null
2026-07-20T14:52:41.293+07:00 DEBUG 24596 --- [           main] org.hibernate.SQL                        : 
    select
        coalesce(sum(b1_0.totalPrice), 0) 
    from
        Booking b1_0 
    where
        b1_0.paidAt between ? and ? 
        and b1_0.totalPrice is not null
2026-07-20T14:52:41.297+07:00 DEBUG 24596 --- [           main] org.hibernate.SQL                        : 
    select
        coalesce(sum(b1_0.totalPrice), 0) 
    from
        Booking b1_0 
    where
        b1_0.paidAt between ? and ? 
        and b1_0.totalPrice is not null
2026-07-20T14:52:41.303+07:00 DEBUG 24596 --- [           main] org.hibernate.SQL                        : 
    select
        coalesce(sum(b1_0.totalPrice), 0) 
    from
        Booking b1_0 
    where
        b1_0.paidAt between ? and ? 
        and b1_0.totalPrice is not null
2026-07-20T14:52:41.308+07:00 DEBUG 24596 --- [           main] org.hibernate.SQL                        : 
    select
        coalesce(sum(b1_0.totalPrice), 0) 
    from
        Booking b1_0 
    where
        b1_0.paidAt between ? and ? 
        and b1_0.totalPrice is not null
2026-07-20T14:52:41.313+07:00 DEBUG 24596 --- [           main] org.hibernate.SQL                        : 
    select
        coalesce(sum(b1_0.totalPrice), 0) 
    from
        Booking b1_0 
    where
        b1_0.paidAt between ? and ? 
        and b1_0.totalPrice is not null
2026-07-20T14:52:41.313+07:00 DEBUG 24596 --- [           main] org.hibernate.SQL                        : 
    select
        coalesce(sum(b1_0.totalPrice), 0) 
    from
        Booking b1_0 
    where
        b1_0.paidAt between ? and ? 
        and b1_0.totalPrice is not null
2026-07-20T14:52:41.313+07:00 DEBUG 24596 --- [           main] org.hibernate.SQL                        : 
    select
        coalesce(sum(b1_0.totalPrice), 0) 
    from
        Booking b1_0 
    where
        b1_0.paidAt between ? and ? 
        and b1_0.totalPrice is not null
2026-07-20T14:52:41.319+07:00 DEBUG 24596 --- [           main] org.hibernate.SQL                        : 
    select
        coalesce(sum(b1_0.totalPrice), 0) 
    from
        Booking b1_0 
    where
        b1_0.paidAt between ? and ? 
        and b1_0.totalPrice is not null
2026-07-20T14:52:41.319+07:00 DEBUG 24596 --- [           main] org.hibernate.SQL                        : 
    select
        coalesce(sum(b1_0.totalPrice), 0) 
    from
        Booking b1_0 
    where
        b1_0.paidAt between ? and ? 
        and b1_0.totalPrice is not null
2026-07-20T14:52:41.321+07:00 DEBUG 24596 --- [           main] org.hibernate.SQL                        : 
    select
        coalesce(sum(b1_0.totalPrice), 0) 
    from
        Booking b1_0 
    where
        b1_0.paidAt between ? and ? 
        and b1_0.totalPrice is not null
2026-07-20T14:52:41.321+07:00 DEBUG 24596 --- [           main] org.hibernate.SQL                        : 
    select
        coalesce(sum(b1_0.totalPrice), 0) 
    from
        Booking b1_0 
    where
        b1_0.paidAt between ? and ? 
        and b1_0.totalPrice is not null
2026-07-20T14:52:41.321+07:00 DEBUG 24596 --- [           main] org.hibernate.SQL                        : 
    select
        coalesce(sum(b1_0.totalPrice), 0) 
    from
        Booking b1_0 
    where
        b1_0.paidAt between ? and ? 
        and b1_0.totalPrice is not null
2026-07-20T14:52:41.321+07:00 DEBUG 24596 --- [           main] org.hibernate.SQL                        : 
    select
        coalesce(sum(b1_0.totalPrice), 0) 
    from
        Booking b1_0 
    where
        b1_0.paidAt between ? and ? 
        and b1_0.totalPrice is not null
2026-07-20T14:52:41.321+07:00 DEBUG 24596 --- [           main] org.hibernate.SQL                        : 
    select
        coalesce(sum(b1_0.totalPrice), 0) 
    from
        Booking b1_0 
    where
        b1_0.paidAt between ? and ? 
        and b1_0.totalPrice is not null
2026-07-20T14:52:41.321+07:00 DEBUG 24596 --- [           main] org.hibernate.SQL                        : 
    select
        coalesce(sum(b1_0.totalPrice), 0) 
    from
        Booking b1_0 
    where
        b1_0.paidAt between ? and ? 
        and b1_0.totalPrice is not null
2026-07-20T14:52:41.321+07:00 DEBUG 24596 --- [           main] org.hibernate.SQL                        : 
    select
        coalesce(sum(b1_0.totalPrice), 0) 
    from
        Booking b1_0 
    where
        b1_0.paidAt between ? and ? 
        and b1_0.totalPrice is not null
2026-07-20T14:52:41.321+07:00 DEBUG 24596 --- [           main] org.hibernate.SQL                        : 
    select
        coalesce(sum(b1_0.totalPrice), 0) 
    from
        Booking b1_0 
    where
        b1_0.paidAt between ? and ? 
        and b1_0.totalPrice is not null
2026-07-20T14:52:41.331+07:00 DEBUG 24596 --- [           main] org.hibernate.SQL                        : 
    select
        coalesce(sum(b1_0.totalPrice), 0) 
    from
        Booking b1_0 
    where
        b1_0.paidAt between ? and ? 
        and b1_0.totalPrice is not null
2026-07-20T14:52:41.333+07:00 DEBUG 24596 --- [           main] org.hibernate.SQL                        : 
    select
        coalesce(sum(b1_0.totalPrice), 0) 
    from
        Booking b1_0 
    where
        b1_0.paidAt between ? and ? 
        and b1_0.totalPrice is not null
2026-07-20T14:52:41.333+07:00 DEBUG 24596 --- [           main] org.hibernate.SQL                        : 
    select
        coalesce(sum(b1_0.totalPrice), 0) 
    from
        Booking b1_0 
    where
        b1_0.paidAt between ? and ? 
        and b1_0.totalPrice is not null
2026-07-20T14:52:41.333+07:00 DEBUG 24596 --- [           main] org.hibernate.SQL                        : 
    select
        coalesce(sum(b1_0.totalPrice), 0) 
    from
        Booking b1_0 
    where
        b1_0.paidAt between ? and ? 
        and b1_0.totalPrice is not null
2026-07-20T14:52:41.333+07:00 DEBUG 24596 --- [           main] org.hibernate.SQL                        : 
    select
        coalesce(sum(b1_0.totalPrice), 0) 
    from
        Booking b1_0 
    where
        b1_0.paidAt between ? and ? 
        and b1_0.totalPrice is not null
2026-07-20T14:52:41.339+07:00 DEBUG 24596 --- [           main] org.hibernate.SQL                        : 
    select
        coalesce(sum(b1_0.totalPrice), 0) 
    from
        Booking b1_0 
    where
        b1_0.paidAt between ? and ? 
        and b1_0.totalPrice is not null
2026-07-20T14:52:41.339+07:00 DEBUG 24596 --- [           main] org.hibernate.SQL                        : 
    select
        coalesce(sum(b1_0.totalPrice), 0) 
    from
        Booking b1_0 
    where
        b1_0.paidAt between ? and ? 
        and b1_0.totalPrice is not null
2026-07-20T14:52:41.339+07:00 DEBUG 24596 --- [           main] org.hibernate.SQL                        : 
    select
        coalesce(sum(b1_0.totalPrice), 0) 
    from
        Booking b1_0 
    where
        b1_0.paidAt between ? and ? 
        and b1_0.totalPrice is not null
2026-07-20T14:52:41.343+07:00 DEBUG 24596 --- [           main] org.hibernate.SQL                        : 
    select
        coalesce(sum(b1_0.totalPrice), 0) 
    from
        Booking b1_0 
    where
        b1_0.paidAt between ? and ? 
        and b1_0.totalPrice is not null
2026-07-20T14:52:41.343+07:00 DEBUG 24596 --- [           main] org.hibernate.SQL                        : 
    select
        coalesce(sum(b1_0.totalPrice), 0) 
    from
        Booking b1_0 
    where
        b1_0.paidAt between ? and ? 
        and b1_0.totalPrice is not null
2026-07-20T14:52:41.345+07:00 DEBUG 24596 --- [           main] org.hibernate.SQL                        : 
    select
        coalesce(sum(b1_0.totalPrice), 0) 
    from
        Booking b1_0 
    where
        b1_0.paidAt between ? and ? 
        and b1_0.totalPrice is not null
2026-07-20T14:52:41.346+07:00 DEBUG 24596 --- [           main] org.hibernate.SQL                        : 
    select
        coalesce(sum(b1_0.totalPrice), 0) 
    from
        Booking b1_0 
    where
        b1_0.paidAt between ? and ? 
        and b1_0.totalPrice is not null
2026-07-20T14:52:41.349+07:00 DEBUG 24596 --- [           main] org.hibernate.SQL                        : 
    select
        coalesce(sum(b1_0.totalPrice), 0) 
    from
        Booking b1_0 
    where
        b1_0.paidAt between ? and ? 
        and b1_0.totalPrice is not null
2026-07-20T14:52:41.349+07:00 DEBUG 24596 --- [           main] org.hibernate.SQL                        : 
    select
        coalesce(sum(b1_0.totalPrice), 0) 
    from
        Booking b1_0 
    where
        b1_0.paidAt between ? and ? 
        and b1_0.totalPrice is not null
2026-07-20T14:52:41.350+07:00 DEBUG 24596 --- [           main] org.hibernate.SQL                        : 
    select
        coalesce(sum(b1_0.totalPrice), 0) 
    from
        Booking b1_0 
    where
        b1_0.paidAt between ? and ? 
        and b1_0.totalPrice is not null
2026-07-20T14:52:41.350+07:00 DEBUG 24596 --- [           main] org.hibernate.SQL                        : 
    select
        coalesce(sum(b1_0.totalPrice), 0) 
    from
        Booking b1_0 
    where
        b1_0.paidAt between ? and ? 
        and b1_0.totalPrice is not null
2026-07-20T14:52:41.353+07:00 DEBUG 24596 --- [           main] org.hibernate.SQL                        : 
    select
        coalesce(sum(b1_0.totalPrice), 0) 
    from
        Booking b1_0 
    where
        b1_0.paidAt between ? and ? 
        and b1_0.totalPrice is not null
2026-07-20T14:52:41.353+07:00 DEBUG 24596 --- [           main] org.hibernate.SQL                        : 
    select
        coalesce(sum(b1_0.totalPrice), 0) 
    from
        Booking b1_0 
    where
        b1_0.paidAt between ? and ? 
        and b1_0.totalPrice is not null
2026-07-20T14:52:41.353+07:00 DEBUG 24596 --- [           main] org.hibernate.SQL                        : 
    select
        coalesce(sum(b1_0.totalPrice), 0) 
    from
        Booking b1_0 
    where
        b1_0.paidAt between ? and ? 
        and b1_0.totalPrice is not null
2026-07-20T14:52:41.358+07:00 DEBUG 24596 --- [           main] org.hibernate.SQL                        : 
    select
        coalesce(sum(b1_0.totalPrice), 0) 
    from
        Booking b1_0 
    where
        b1_0.paidAt between ? and ? 
        and b1_0.totalPrice is not null
2026-07-20T14:52:41.358+07:00 DEBUG 24596 --- [           main] org.hibernate.SQL                        : 
    select
        coalesce(sum(b1_0.totalPrice), 0) 
    from
        Booking b1_0 
    where
        b1_0.paidAt between ? and ? 
        and b1_0.totalPrice is not null
2026-07-20T14:52:41.359+07:00 DEBUG 24596 --- [           main] org.hibernate.SQL                        : 
    select
        coalesce(sum(b1_0.totalPrice), 0) 
    from
        Booking b1_0 
    where
        b1_0.paidAt between ? and ? 
        and b1_0.totalPrice is not null
2026-07-20T14:52:41.360+07:00 DEBUG 24596 --- [           main] org.hibernate.SQL                        : 
    select
        coalesce(sum(b1_0.totalPrice), 0) 
    from
        Booking b1_0 
    where
        b1_0.paidAt between ? and ? 
        and b1_0.totalPrice is not null
2026-07-20T14:52:41.360+07:00 DEBUG 24596 --- [           main] org.hibernate.SQL                        : 
    select
        coalesce(sum(b1_0.totalPrice), 0) 
    from
        Booking b1_0 
    where
        b1_0.paidAt between ? and ? 
        and b1_0.totalPrice is not null
2026-07-20T14:52:41.364+07:00 DEBUG 24596 --- [           main] org.hibernate.SQL                        : 
    select
        coalesce(sum(b1_0.totalPrice), 0) 
    from
        Booking b1_0 
    where
        b1_0.paidAt between ? and ? 
        and b1_0.totalPrice is not null
2026-07-20T14:52:41.364+07:00 DEBUG 24596 --- [           main] org.hibernate.SQL                        : 
    select
        coalesce(sum(b1_0.totalPrice), 0) 
    from
        Booking b1_0 
    where
        b1_0.paidAt between ? and ? 
        and b1_0.totalPrice is not null
2026-07-20T14:52:41.364+07:00 DEBUG 24596 --- [           main] org.hibernate.SQL                        : 
    select
        coalesce(sum(b1_0.totalPrice), 0) 
    from
        Booking b1_0 
    where
        b1_0.paidAt between ? and ? 
        and b1_0.totalPrice is not null
2026-07-20T14:52:41.364+07:00 DEBUG 24596 --- [           main] org.hibernate.SQL                        : 
    select
        coalesce(sum(b1_0.totalPrice), 0) 
    from
        Booking b1_0 
    where
        b1_0.paidAt between ? and ? 
        and b1_0.totalPrice is not null
]]></system-out>
  </testcase>
</testsuite>